Validation du git trouvé dans : git
Utilisation de git 2.33.0 à partir de git
> git rev-parse --git-dir
Open repository: /home/cthulhu/Programmation/DApps/Solidity-Dapps
> git status -z -u
> git symbolic-ref --short HEAD
> git for-each-ref --format=%(refname)%00%(upstream:short)%00%(objectname)%00%(upstream:track) refs/heads/stack-app refs/remotes/stack-app
> git for-each-ref --sort -committerdate --format %(refname) %(objectname) %(*objectname)
> git remote --verbose
> git config --get commit.template
> git show --textconv :migrations/1_initial_migration.js
> git ls-files --stage -- /home/cthulhu/Programmation/DApps/Solidity-Dapps/migrations/1_initial_migration.js
> git check-ignore -v -z --stdin
> git cat-file -s ee2135d2952eac46f0ed105282b87d68e8fae869
> git show --textconv :src/contracts/TokenFarm.sol
> git ls-files --stage -- /home/cthulhu/Programmation/DApps/Solidity-Dapps/src/contracts/TokenFarm.sol
> git show --textconv :package.json
> git ls-files --stage -- /home/cthulhu/Programmation/DApps/Solidity-Dapps/package.json
> git cat-file -s a03085e953d82e4de1433b256b44939aa23c58c9
> git show --textconv :truffle-config.js
> git ls-files --stage -- /home/cthulhu/Programmation/DApps/Solidity-Dapps/truffle-config.js
> git cat-file -s 1466c8206f1be3a024500da9cc53433c1208cd47
> git show --textconv :src/contracts/Migrations.sol
> git ls-files --stage -- /home/cthulhu/Programmation/DApps/Solidity-Dapps/src/contracts/Migrations.sol
> git show --textconv :src/contracts/TokenFarm.sol
> git ls-files --stage -- /home/cthulhu/Programmation/DApps/Solidity-Dapps/src/contracts/TokenFarm.sol
> git show --textconv :src/contracts/DappToken.sol
> git ls-files --stage -- /home/cthulhu/Programmation/DApps/Solidity-Dapps/src/contracts/DappToken.sol
> git show --textconv :src/contracts/DaiToken.sol
> git ls-files --stage -- /home/cthulhu/Programmation/DApps/Solidity-Dapps/src/contracts/DaiToken.sol
