[2021-09-23 13:15:15.294] [exthost] [info] extension host started
[2021-09-23 13:15:15.318] [exthost] [info] ExtensionService#_doActivateExtension vscode.microsoft-authentication {"startup":false,"extensionId":{"value":"vscode.microsoft-authentication","_lower":"vscode.microsoft-authentication"},"activationEvent":"onAuthenticationRequest:microsoft"}
[2021-09-23 13:15:15.318] [exthost] [info] ExtensionService#loadCommonJSModule file:///var/lib/snapd/snap/code/75/usr/share/code/resources/app/extensions/microsoft-authentication/dist/extension.js
[2021-09-23 13:15:15.325] [exthost] [info] ExtensionService#_doActivateExtension vscode.debug-auto-launch {"startup":true,"extensionId":{"value":"vscode.debug-auto-launch","_lower":"vscode.debug-auto-launch"},"activationEvent":"*"}
[2021-09-23 13:15:15.325] [exthost] [info] ExtensionService#loadCommonJSModule file:///var/lib/snapd/snap/code/75/usr/share/code/resources/app/extensions/debug-auto-launch/dist/extension
[2021-09-23 13:15:15.327] [exthost] [info] ExtensionService#_doActivateExtension vscode.git {"startup":true,"extensionId":{"value":"vscode.github","_lower":"vscode.github"},"activationEvent":"*"}
[2021-09-23 13:15:15.327] [exthost] [info] ExtensionService#loadCommonJSModule file:///var/lib/snapd/snap/code/75/usr/share/code/resources/app/extensions/git/dist/main
[2021-09-23 13:15:15.340] [exthost] [info] ExtensionService#_doActivateExtension christian-kohler.path-intellisense {"startup":true,"extensionId":{"value":"christian-kohler.path-intellisense","_lower":"christian-kohler.path-intellisense"},"activationEvent":"*"}
[2021-09-23 13:15:15.340] [exthost] [info] ExtensionService#loadCommonJSModule file:///root/.vscode/extensions/christian-kohler.path-intellisense-2.4.0/out/extension.js
[2021-09-23 13:15:15.346] [exthost] [info] ExtensionService#_doActivateExtension CoenraadS.bracket-pair-colorizer {"startup":true,"extensionId":{"value":"CoenraadS.bracket-pair-colorizer","_lower":"coenraads.bracket-pair-colorizer"},"activationEvent":"*"}
[2021-09-23 13:15:15.346] [exthost] [info] ExtensionService#loadCommonJSModule file:///root/.vscode/extensions/coenraads.bracket-pair-colorizer-1.0.61/out/src/extension
[2021-09-23 13:15:15.353] [exthost] [info] ExtensionService#_doActivateExtension mhutchie.git-graph {"startup":true,"extensionId":{"value":"mhutchie.git-graph","_lower":"mhutchie.git-graph"},"activationEvent":"*"}
[2021-09-23 13:15:15.353] [exthost] [info] ExtensionService#loadCommonJSModule file:///root/.vscode/extensions/mhutchie.git-graph-1.30.0/out/extension.js
[2021-09-23 13:15:15.364] [exthost] [info] ExtensionService#_doActivateExtension raathigeshan.fabulous {"startup":true,"extensionId":{"value":"raathigeshan.fabulous","_lower":"raathigeshan.fabulous"},"activationEvent":"*"}
[2021-09-23 13:15:15.364] [exthost] [info] ExtensionService#loadCommonJSModule file:///root/.vscode/extensions/raathigeshan.fabulous-0.12.0/out/extension/extension.js
[2021-09-23 13:15:15.449] [exthost] [info] ExtensionService#_doActivateExtension TabNine.tabnine-vscode {"startup":true,"extensionId":{"value":"TabNine.tabnine-vscode","_lower":"tabnine.tabnine-vscode"},"activationEvent":"*"}
[2021-09-23 13:15:15.449] [exthost] [info] ExtensionService#loadCommonJSModule file:///root/.vscode/extensions/tabnine.tabnine-vscode-3.4.27/out/extension
[2021-09-23 13:15:15.459] [exthost] [info] ExtensionService#_doActivateExtension Zignd.html-css-class-completion {"startup":true,"extensionId":{"value":"Zignd.html-css-class-completion","_lower":"zignd.html-css-class-completion"},"activationEvent":"*"}
[2021-09-23 13:15:15.459] [exthost] [info] ExtensionService#loadCommonJSModule file:///root/.vscode/extensions/zignd.html-css-class-completion-1.20.0/dist/extension.js
[2021-09-23 13:15:15.638] [exthost] [info] ExtensionService#_doActivateExtension vscode.configuration-editing {"startup":false,"extensionId":{"value":"vscode.configuration-editing","_lower":"vscode.configuration-editing"},"activationEvent":"onLanguage:jsonc"}
[2021-09-23 13:15:15.638] [exthost] [info] ExtensionService#loadCommonJSModule file:///var/lib/snapd/snap/code/75/usr/share/code/resources/app/extensions/configuration-editing/dist/configurationEditingMain
[2021-09-23 13:15:15.640] [exthost] [info] ExtensionService#_doActivateExtension vscode.json-language-features {"startup":false,"extensionId":{"value":"vscode.json-language-features","_lower":"vscode.json-language-features"},"activationEvent":"onLanguage:jsonc"}
[2021-09-23 13:15:15.640] [exthost] [info] ExtensionService#loadCommonJSModule file:///var/lib/snapd/snap/code/75/usr/share/code/resources/app/extensions/json-language-features/client/dist/node/jsonClientMain
[2021-09-23 13:15:15.651] [exthost] [info] ExtensionService#_doActivateExtension vscode.typescript-language-features {"startup":false,"extensionId":{"value":"vscode.typescript-language-features","_lower":"vscode.typescript-language-features"},"activationEvent":"onLanguage:jsonc"}
[2021-09-23 13:15:15.651] [exthost] [info] ExtensionService#loadCommonJSModule file:///var/lib/snapd/snap/code/75/usr/share/code/resources/app/extensions/typescript-language-features/dist/extension
[2021-09-23 13:15:15.720] [exthost] [info] ExtensionService#_doActivateExtension ms-vscode.js-debug {"startup":false,"extensionId":{"value":"ms-vscode.js-debug","_lower":"ms-vscode.js-debug"},"activationEvent":"onCommand:extension.js-debug.clearAutoAttachVariables"}
[2021-09-23 13:15:15.720] [exthost] [info] ExtensionService#loadCommonJSModule file:///var/lib/snapd/snap/code/75/usr/share/code/resources/app/extensions/ms-vscode.js-debug/src/extension.js
[2021-09-23 13:15:15.806] [exthost] [info] ExtensionService#_doActivateExtension vscode.github {"startup":true,"extensionId":{"value":"vscode.github","_lower":"vscode.github"},"activationEvent":"*"}
[2021-09-23 13:15:15.806] [exthost] [info] ExtensionService#loadCommonJSModule file:///var/lib/snapd/snap/code/75/usr/share/code/resources/app/extensions/github/dist/extension.js
[2021-09-23 13:15:15.821] [exthost] [info] eager extensions activated
[2021-09-23 13:15:15.826] [exthost] [info] ExtensionService#_doActivateExtension vscode.github-authentication {"startup":false,"extensionId":{"value":"vscode.github-authentication","_lower":"vscode.github-authentication"},"activationEvent":"onAuthenticationRequest:github"}
[2021-09-23 13:15:15.826] [exthost] [info] ExtensionService#loadCommonJSModule file:///var/lib/snapd/snap/code/75/usr/share/code/resources/app/extensions/github-authentication/dist/extension.js
[2021-09-23 13:15:15.832] [exthost] [info] ExtensionService#_doActivateExtension vscode.emmet {"startup":false,"extensionId":{"value":"vscode.emmet","_lower":"vscode.emmet"},"activationEvent":"onStartupFinished"}
[2021-09-23 13:15:15.832] [exthost] [info] ExtensionService#loadCommonJSModule file:///var/lib/snapd/snap/code/75/usr/share/code/resources/app/extensions/emmet/dist/node/emmetNodeMain
[2021-09-23 13:15:15.836] [exthost] [info] ExtensionService#_doActivateExtension vscode.merge-conflict {"startup":false,"extensionId":{"value":"vscode.merge-conflict","_lower":"vscode.merge-conflict"},"activationEvent":"onStartupFinished"}
[2021-09-23 13:15:15.836] [exthost] [info] ExtensionService#loadCommonJSModule file:///var/lib/snapd/snap/code/75/usr/share/code/resources/app/extensions/merge-conflict/dist/mergeConflictMain
[2021-09-23 13:15:15.837] [exthost] [info] ExtensionService#_doActivateExtension eamodio.gitlens {"startup":false,"extensionId":{"value":"eamodio.gitlens","_lower":"eamodio.gitlens"},"activationEvent":"onStartupFinished"}
[2021-09-23 13:15:15.837] [exthost] [info] ExtensionService#loadCommonJSModule file:///root/.vscode/extensions/eamodio.gitlens-11.6.0/dist/gitlens
[2021-09-23 13:15:15.858] [exthost] [info] ExtensionService#_doActivateExtension esbenp.prettier-vscode {"startup":false,"extensionId":{"value":"esbenp.prettier-vscode","_lower":"esbenp.prettier-vscode"},"activationEvent":"onStartupFinished"}
[2021-09-23 13:15:15.858] [exthost] [info] ExtensionService#loadCommonJSModule file:///root/.vscode/extensions/esbenp.prettier-vscode-9.0.0/dist/extension
[2021-09-23 13:15:20.675] [exthost] [info] extension host terminating: renderer closed the socket
[2021-09-23 13:15:21.687] [exthost] [info] exiting with code 0
[2021-09-23 13:15:21.966] [exthost] [info] extension host started
[2021-09-23 13:15:21.966] [exthost] [info] Skipping acquiring lock for /home/cthulhu/Programmation/DApps/stacktoken_app/~/.vscode-root/User/workspaceStorage/384eff153dc5abc2a200c53ecd0dc263.
[2021-09-23 13:15:22.022] [exthost] [info] ExtensionService#_doActivateExtension vscode.microsoft-authentication {"startup":false,"extensionId":{"value":"vscode.microsoft-authentication","_lower":"vscode.microsoft-authentication"},"activationEvent":"onAuthenticationRequest:microsoft"}
[2021-09-23 13:15:22.022] [exthost] [info] ExtensionService#loadCommonJSModule file:///var/lib/snapd/snap/code/75/usr/share/code/resources/app/extensions/microsoft-authentication/dist/extension.js
[2021-09-23 13:15:22.028] [exthost] [info] ExtensionService#_doActivateExtension vscode.debug-auto-launch {"startup":true,"extensionId":{"value":"vscode.debug-auto-launch","_lower":"vscode.debug-auto-launch"},"activationEvent":"*"}
[2021-09-23 13:15:22.028] [exthost] [info] ExtensionService#loadCommonJSModule file:///var/lib/snapd/snap/code/75/usr/share/code/resources/app/extensions/debug-auto-launch/dist/extension
[2021-09-23 13:15:22.030] [exthost] [info] ExtensionService#_doActivateExtension vscode.git {"startup":true,"extensionId":{"value":"vscode.github","_lower":"vscode.github"},"activationEvent":"*"}
[2021-09-23 13:15:22.030] [exthost] [info] ExtensionService#loadCommonJSModule file:///var/lib/snapd/snap/code/75/usr/share/code/resources/app/extensions/git/dist/main
[2021-09-23 13:15:22.040] [exthost] [info] ExtensionService#_doActivateExtension christian-kohler.path-intellisense {"startup":true,"extensionId":{"value":"christian-kohler.path-intellisense","_lower":"christian-kohler.path-intellisense"},"activationEvent":"*"}
[2021-09-23 13:15:22.040] [exthost] [info] ExtensionService#loadCommonJSModule file:///root/.vscode/extensions/christian-kohler.path-intellisense-2.4.0/out/extension.js
[2021-09-23 13:15:22.047] [exthost] [info] ExtensionService#_doActivateExtension CoenraadS.bracket-pair-colorizer {"startup":true,"extensionId":{"value":"CoenraadS.bracket-pair-colorizer","_lower":"coenraads.bracket-pair-colorizer"},"activationEvent":"*"}
[2021-09-23 13:15:22.047] [exthost] [info] ExtensionService#loadCommonJSModule file:///root/.vscode/extensions/coenraads.bracket-pair-colorizer-1.0.61/out/src/extension
[2021-09-23 13:15:22.054] [exthost] [info] ExtensionService#_doActivateExtension mhutchie.git-graph {"startup":true,"extensionId":{"value":"mhutchie.git-graph","_lower":"mhutchie.git-graph"},"activationEvent":"*"}
[2021-09-23 13:15:22.054] [exthost] [info] ExtensionService#loadCommonJSModule file:///root/.vscode/extensions/mhutchie.git-graph-1.30.0/out/extension.js
[2021-09-23 13:15:22.063] [exthost] [info] ExtensionService#_doActivateExtension raathigeshan.fabulous {"startup":true,"extensionId":{"value":"raathigeshan.fabulous","_lower":"raathigeshan.fabulous"},"activationEvent":"*"}
[2021-09-23 13:15:22.063] [exthost] [info] ExtensionService#loadCommonJSModule file:///root/.vscode/extensions/raathigeshan.fabulous-0.12.0/out/extension/extension.js
[2021-09-23 13:15:22.152] [exthost] [info] ExtensionService#_doActivateExtension TabNine.tabnine-vscode {"startup":true,"extensionId":{"value":"TabNine.tabnine-vscode","_lower":"tabnine.tabnine-vscode"},"activationEvent":"*"}
[2021-09-23 13:15:22.152] [exthost] [info] ExtensionService#loadCommonJSModule file:///root/.vscode/extensions/tabnine.tabnine-vscode-3.4.27/out/extension
[2021-09-23 13:15:22.161] [exthost] [info] ExtensionService#_doActivateExtension Zignd.html-css-class-completion {"startup":true,"extensionId":{"value":"Zignd.html-css-class-completion","_lower":"zignd.html-css-class-completion"},"activationEvent":"*"}
[2021-09-23 13:15:22.161] [exthost] [info] ExtensionService#loadCommonJSModule file:///root/.vscode/extensions/zignd.html-css-class-completion-1.20.0/dist/extension.js
[2021-09-23 13:15:22.200] [exthost] [info] ExtensionService#_doActivateExtension vscode.npm {"startup":true,"extensionId":{"value":"vscode.npm","_lower":"vscode.npm"},"activationEvent":"workspaceContains:package.json"}
[2021-09-23 13:15:22.200] [exthost] [info] ExtensionService#loadCommonJSModule file:///var/lib/snapd/snap/code/75/usr/share/code/resources/app/extensions/npm/dist/npmMain
[2021-09-23 13:15:22.311] [exthost] [info] ExtensionService#_doActivateExtension vscode.configuration-editing {"startup":false,"extensionId":{"value":"vscode.configuration-editing","_lower":"vscode.configuration-editing"},"activationEvent":"onLanguage:jsonc"}
[2021-09-23 13:15:22.311] [exthost] [info] ExtensionService#loadCommonJSModule file:///var/lib/snapd/snap/code/75/usr/share/code/resources/app/extensions/configuration-editing/dist/configurationEditingMain
[2021-09-23 13:15:22.314] [exthost] [info] ExtensionService#_doActivateExtension vscode.json-language-features {"startup":false,"extensionId":{"value":"vscode.json-language-features","_lower":"vscode.json-language-features"},"activationEvent":"onLanguage:jsonc"}
[2021-09-23 13:15:22.314] [exthost] [info] ExtensionService#loadCommonJSModule file:///var/lib/snapd/snap/code/75/usr/share/code/resources/app/extensions/json-language-features/client/dist/node/jsonClientMain
[2021-09-23 13:15:22.325] [exthost] [info] ExtensionService#_doActivateExtension vscode.typescript-language-features {"startup":false,"extensionId":{"value":"vscode.typescript-language-features","_lower":"vscode.typescript-language-features"},"activationEvent":"onLanguage:jsonc"}
[2021-09-23 13:15:22.325] [exthost] [info] ExtensionService#loadCommonJSModule file:///var/lib/snapd/snap/code/75/usr/share/code/resources/app/extensions/typescript-language-features/dist/extension
[2021-09-23 13:15:22.408] [exthost] [info] ExtensionService#_doActivateExtension ms-vscode.js-debug {"startup":false,"extensionId":{"value":"ms-vscode.js-debug","_lower":"ms-vscode.js-debug"},"activationEvent":"onCommand:extension.js-debug.clearAutoAttachVariables"}
[2021-09-23 13:15:22.408] [exthost] [info] ExtensionService#loadCommonJSModule file:///var/lib/snapd/snap/code/75/usr/share/code/resources/app/extensions/ms-vscode.js-debug/src/extension.js
[2021-09-23 13:15:22.479] [exthost] [info] ExtensionService#_doActivateExtension vscode.github {"startup":false,"extensionId":{"value":"vscode.github","_lower":"vscode.github"},"activationEvent":"*"}
[2021-09-23 13:15:22.479] [exthost] [info] ExtensionService#loadCommonJSModule file:///var/lib/snapd/snap/code/75/usr/share/code/resources/app/extensions/github/dist/extension.js
[2021-09-23 13:15:22.503] [exthost] [info] ExtensionService#_doActivateExtension vscode.github-authentication {"startup":false,"extensionId":{"value":"vscode.github-authentication","_lower":"vscode.github-authentication"},"activationEvent":"onAuthenticationRequest:github"}
[2021-09-23 13:15:22.504] [exthost] [info] ExtensionService#loadCommonJSModule file:///var/lib/snapd/snap/code/75/usr/share/code/resources/app/extensions/github-authentication/dist/extension.js
[2021-09-23 13:15:22.516] [exthost] [info] eager extensions activated
[2021-09-23 13:15:22.559] [exthost] [info] ExtensionService#_doActivateExtension vscode.emmet {"startup":false,"extensionId":{"value":"vscode.emmet","_lower":"vscode.emmet"},"activationEvent":"onStartupFinished"}
[2021-09-23 13:15:22.559] [exthost] [info] ExtensionService#loadCommonJSModule file:///var/lib/snapd/snap/code/75/usr/share/code/resources/app/extensions/emmet/dist/node/emmetNodeMain
[2021-09-23 13:15:22.566] [exthost] [info] ExtensionService#_doActivateExtension vscode.merge-conflict {"startup":false,"extensionId":{"value":"vscode.merge-conflict","_lower":"vscode.merge-conflict"},"activationEvent":"onStartupFinished"}
[2021-09-23 13:15:22.566] [exthost] [info] ExtensionService#loadCommonJSModule file:///var/lib/snapd/snap/code/75/usr/share/code/resources/app/extensions/merge-conflict/dist/mergeConflictMain
[2021-09-23 13:15:22.568] [exthost] [info] ExtensionService#_doActivateExtension eamodio.gitlens {"startup":false,"extensionId":{"value":"eamodio.gitlens","_lower":"eamodio.gitlens"},"activationEvent":"onStartupFinished"}
[2021-09-23 13:15:22.568] [exthost] [info] ExtensionService#loadCommonJSModule file:///root/.vscode/extensions/eamodio.gitlens-11.6.0/dist/gitlens
[2021-09-23 13:15:22.595] [exthost] [info] ExtensionService#_doActivateExtension esbenp.prettier-vscode {"startup":false,"extensionId":{"value":"esbenp.prettier-vscode","_lower":"esbenp.prettier-vscode"},"activationEvent":"onStartupFinished"}
[2021-09-23 13:15:22.595] [exthost] [info] ExtensionService#loadCommonJSModule file:///root/.vscode/extensions/esbenp.prettier-vscode-9.0.0/dist/extension
[2021-09-23 13:17:49.495] [exthost] [info] ExtensionService#_doActivateExtension JuanBlanco.solidity {"startup":false,"extensionId":{"value":"JuanBlanco.solidity","_lower":"juanblanco.solidity"},"activationEvent":"onLanguage:solidity"}
[2021-09-23 13:17:49.495] [exthost] [info] ExtensionService#loadCommonJSModule file:///root/.vscode/extensions/juanblanco.solidity-0.0.125/out/src/extension
[2021-09-23 13:18:12.716] [exthost] [warning] TextEditor is closed/disposed
[2021-09-23 13:18:14.192] [exthost] [warning] TextEditor is closed/disposed
[2021-09-23 13:18:14.705] [exthost] [warning] TextEditor is closed/disposed
[2021-09-23 13:18:15.643] [exthost] [warning] TextEditor is closed/disposed
[2021-09-23 13:18:16.421] [exthost] [warning] TextEditor is closed/disposed
[2021-09-23 13:18:16.956] [exthost] [warning] TextEditor is closed/disposed
[2021-09-23 13:19:41.911] [exthost] [warning] TextEditor is closed/disposed
[2021-09-23 13:19:42.550] [exthost] [warning] TextEditor is closed/disposed
[2021-09-23 13:19:53.799] [exthost] [warning] TextEditor is closed/disposed
[2021-09-23 13:19:57.609] [exthost] [warning] TextEditor is closed/disposed
[2021-09-23 13:19:58.152] [exthost] [warning] TextEditor is closed/disposed
[2021-09-23 13:20:06.628] [exthost] [warning] TextEditor is closed/disposed
[2021-09-23 13:20:12.197] [exthost] [warning] TextEditor is closed/disposed
[2021-09-23 13:20:12.957] [exthost] [warning] TextEditor is closed/disposed
[2021-09-23 13:20:13.684] [exthost] [warning] TextEditor is closed/disposed
[2021-09-23 13:20:15.461] [exthost] [warning] TextEditor is closed/disposed
[2021-09-23 13:20:24.867] [exthost] [warning] TextEditor is closed/disposed
[2021-09-23 13:20:26.420] [exthost] [warning] TextEditor is closed/disposed
[2021-09-23 13:20:28.184] [exthost] [warning] TextEditor is closed/disposed
[2021-09-23 13:24:05.181] [exthost] [warning] TextEditor is closed/disposed
[2021-09-23 13:24:05.329] [exthost] [info] ExtensionService#_doActivateExtension VisualStudioExptTeam.vscodeintellicode {"startup":false,"extensionId":{"value":"VisualStudioExptTeam.vscodeintellicode","_lower":"visualstudioexptteam.vscodeintellicode"},"activationEvent":"onLanguage:javascript"}
[2021-09-23 13:24:05.329] [exthost] [info] ExtensionService#loadCommonJSModule file:///root/.vscode/extensions/visualstudioexptteam.vscodeintellicode-1.2.14/dist/intellicode
[2021-09-23 13:24:06.577] [exthost] [info] ExtensionService#_doActivateExtension vscode.extension-editing {"startup":false,"extensionId":{"value":"vscode.extension-editing","_lower":"vscode.extension-editing"},"activationEvent":"onLanguage:typescript"}
[2021-09-23 13:24:06.577] [exthost] [info] ExtensionService#loadCommonJSModule file:///var/lib/snapd/snap/code/75/usr/share/code/resources/app/extensions/extension-editing/dist/extensionEditingMain
[2021-09-23 13:29:36.586] [exthost] [warning] TextEditor is closed/disposed
[2021-09-23 13:33:17.634] [exthost] [warning] TextEditor is closed/disposed
[2021-09-23 13:33:48.169] [exthost] [warning] TextEditor is closed/disposed
[2021-09-23 15:55:33.305] [exthost] [warning] TextEditor is closed/disposed
[2021-09-23 15:55:43.717] [exthost] [warning] TextEditor is closed/disposed
[2021-09-23 15:55:55.869] [exthost] [warning] TextEditor is closed/disposed
[2021-09-23 15:57:32.468] [exthost] [warning] TextEditor is closed/disposed
[2021-09-23 15:57:58.752] [exthost] [warning] TextEditor is closed/disposed
[2021-09-23 15:58:00.069] [exthost] [warning] TextEditor is closed/disposed
[2021-09-23 15:58:01.496] [exthost] [warning] TextEditor is closed/disposed
[2021-09-23 15:58:07.421] [exthost] [warning] TextEditor is closed/disposed
[2021-09-23 15:59:32.114] [exthost] [warning] TextEditor is closed/disposed
