[2021-09-23 06:36:41.766] [exthost] [info] extension host started
[2021-09-23 06:36:41.824] [exthost] [info] ExtensionService#_doActivateExtension vscode.microsoft-authentication {"startup":false,"extensionId":{"value":"vscode.microsoft-authentication","_lower":"vscode.microsoft-authentication"},"activationEvent":"onAuthenticationRequest:microsoft"}
[2021-09-23 06:36:41.824] [exthost] [info] ExtensionService#loadCommonJSModule file:///var/lib/snapd/snap/code/75/usr/share/code/resources/app/extensions/microsoft-authentication/dist/extension.js
[2021-09-23 06:36:41.837] [exthost] [info] ExtensionService#_doActivateExtension vscode.debug-auto-launch {"startup":true,"extensionId":{"value":"vscode.debug-auto-launch","_lower":"vscode.debug-auto-launch"},"activationEvent":"*"}
[2021-09-23 06:36:41.837] [exthost] [info] ExtensionService#loadCommonJSModule file:///var/lib/snapd/snap/code/75/usr/share/code/resources/app/extensions/debug-auto-launch/dist/extension
[2021-09-23 06:36:41.845] [exthost] [info] ExtensionService#_doActivateExtension vscode.git {"startup":true,"extensionId":{"value":"vscode.github","_lower":"vscode.github"},"activationEvent":"*"}
[2021-09-23 06:36:41.845] [exthost] [info] ExtensionService#loadCommonJSModule file:///var/lib/snapd/snap/code/75/usr/share/code/resources/app/extensions/git/dist/main
[2021-09-23 06:36:41.876] [exthost] [info] ExtensionService#_doActivateExtension christian-kohler.path-intellisense {"startup":true,"extensionId":{"value":"christian-kohler.path-intellisense","_lower":"christian-kohler.path-intellisense"},"activationEvent":"*"}
[2021-09-23 06:36:41.876] [exthost] [info] ExtensionService#loadCommonJSModule file:///root/.vscode/extensions/christian-kohler.path-intellisense-2.4.0/out/extension.js
[2021-09-23 06:36:41.888] [exthost] [info] ExtensionService#_doActivateExtension CoenraadS.bracket-pair-colorizer {"startup":true,"extensionId":{"value":"CoenraadS.bracket-pair-colorizer","_lower":"coenraads.bracket-pair-colorizer"},"activationEvent":"*"}
[2021-09-23 06:36:41.888] [exthost] [info] ExtensionService#loadCommonJSModule file:///root/.vscode/extensions/coenraads.bracket-pair-colorizer-1.0.61/out/src/extension
[2021-09-23 06:36:41.902] [exthost] [info] ExtensionService#_doActivateExtension mhutchie.git-graph {"startup":true,"extensionId":{"value":"mhutchie.git-graph","_lower":"mhutchie.git-graph"},"activationEvent":"*"}
[2021-09-23 06:36:41.902] [exthost] [info] ExtensionService#loadCommonJSModule file:///root/.vscode/extensions/mhutchie.git-graph-1.30.0/out/extension.js
[2021-09-23 06:36:41.921] [exthost] [info] ExtensionService#_doActivateExtension raathigeshan.fabulous {"startup":true,"extensionId":{"value":"raathigeshan.fabulous","_lower":"raathigeshan.fabulous"},"activationEvent":"*"}
[2021-09-23 06:36:41.921] [exthost] [info] ExtensionService#loadCommonJSModule file:///root/.vscode/extensions/raathigeshan.fabulous-0.12.0/out/extension/extension.js
[2021-09-23 06:36:42.096] [exthost] [info] ExtensionService#_doActivateExtension TabNine.tabnine-vscode {"startup":true,"extensionId":{"value":"TabNine.tabnine-vscode","_lower":"tabnine.tabnine-vscode"},"activationEvent":"*"}
[2021-09-23 06:36:42.096] [exthost] [info] ExtensionService#loadCommonJSModule file:///root/.vscode/extensions/tabnine.tabnine-vscode-3.4.27/out/extension
[2021-09-23 06:36:42.119] [exthost] [info] ExtensionService#_doActivateExtension Zignd.html-css-class-completion {"startup":true,"extensionId":{"value":"Zignd.html-css-class-completion","_lower":"zignd.html-css-class-completion"},"activationEvent":"*"}
[2021-09-23 06:36:42.119] [exthost] [info] ExtensionService#loadCommonJSModule file:///root/.vscode/extensions/zignd.html-css-class-completion-1.20.0/dist/extension.js
[2021-09-23 06:36:42.340] [exthost] [info] ExtensionService#_doActivateExtension vscode.configuration-editing {"startup":false,"extensionId":{"value":"vscode.configuration-editing","_lower":"vscode.configuration-editing"},"activationEvent":"onLanguage:jsonc"}
[2021-09-23 06:36:42.340] [exthost] [info] ExtensionService#loadCommonJSModule file:///var/lib/snapd/snap/code/75/usr/share/code/resources/app/extensions/configuration-editing/dist/configurationEditingMain
[2021-09-23 06:36:42.344] [exthost] [info] ExtensionService#_doActivateExtension vscode.json-language-features {"startup":false,"extensionId":{"value":"vscode.json-language-features","_lower":"vscode.json-language-features"},"activationEvent":"onLanguage:jsonc"}
[2021-09-23 06:36:42.344] [exthost] [info] ExtensionService#loadCommonJSModule file:///var/lib/snapd/snap/code/75/usr/share/code/resources/app/extensions/json-language-features/client/dist/node/jsonClientMain
[2021-09-23 06:36:42.364] [exthost] [info] ExtensionService#_doActivateExtension vscode.typescript-language-features {"startup":false,"extensionId":{"value":"vscode.typescript-language-features","_lower":"vscode.typescript-language-features"},"activationEvent":"onLanguage:jsonc"}
[2021-09-23 06:36:42.364] [exthost] [info] ExtensionService#loadCommonJSModule file:///var/lib/snapd/snap/code/75/usr/share/code/resources/app/extensions/typescript-language-features/dist/extension
[2021-09-23 06:36:42.491] [exthost] [info] ExtensionService#_doActivateExtension vscode.github {"startup":true,"extensionId":{"value":"vscode.github","_lower":"vscode.github"},"activationEvent":"*"}
[2021-09-23 06:36:42.491] [exthost] [info] ExtensionService#loadCommonJSModule file:///var/lib/snapd/snap/code/75/usr/share/code/resources/app/extensions/github/dist/extension.js
[2021-09-23 06:36:42.590] [exthost] [info] ExtensionService#_doActivateExtension ms-vscode.js-debug {"startup":false,"extensionId":{"value":"ms-vscode.js-debug","_lower":"ms-vscode.js-debug"},"activationEvent":"onCommand:extension.js-debug.clearAutoAttachVariables"}
[2021-09-23 06:36:42.590] [exthost] [info] ExtensionService#loadCommonJSModule file:///var/lib/snapd/snap/code/75/usr/share/code/resources/app/extensions/ms-vscode.js-debug/src/extension.js
[2021-09-23 06:36:42.735] [exthost] [info] eager extensions activated
[2021-09-23 06:36:42.793] [exthost] [info] ExtensionService#_doActivateExtension vscode.emmet {"startup":false,"extensionId":{"value":"vscode.emmet","_lower":"vscode.emmet"},"activationEvent":"onStartupFinished"}
[2021-09-23 06:36:42.793] [exthost] [info] ExtensionService#loadCommonJSModule file:///var/lib/snapd/snap/code/75/usr/share/code/resources/app/extensions/emmet/dist/node/emmetNodeMain
[2021-09-23 06:36:42.799] [exthost] [info] ExtensionService#_doActivateExtension vscode.merge-conflict {"startup":false,"extensionId":{"value":"vscode.merge-conflict","_lower":"vscode.merge-conflict"},"activationEvent":"onStartupFinished"}
[2021-09-23 06:36:42.799] [exthost] [info] ExtensionService#loadCommonJSModule file:///var/lib/snapd/snap/code/75/usr/share/code/resources/app/extensions/merge-conflict/dist/mergeConflictMain
[2021-09-23 06:36:42.801] [exthost] [info] ExtensionService#_doActivateExtension eamodio.gitlens {"startup":false,"extensionId":{"value":"eamodio.gitlens","_lower":"eamodio.gitlens"},"activationEvent":"onStartupFinished"}
[2021-09-23 06:36:42.801] [exthost] [info] ExtensionService#loadCommonJSModule file:///root/.vscode/extensions/eamodio.gitlens-11.6.0/dist/gitlens
[2021-09-23 06:36:42.833] [exthost] [info] ExtensionService#_doActivateExtension esbenp.prettier-vscode {"startup":false,"extensionId":{"value":"esbenp.prettier-vscode","_lower":"esbenp.prettier-vscode"},"activationEvent":"onStartupFinished"}
[2021-09-23 06:36:42.833] [exthost] [info] ExtensionService#loadCommonJSModule file:///root/.vscode/extensions/esbenp.prettier-vscode-9.0.0/dist/extension
[2021-09-23 06:36:43.068] [exthost] [info] ExtensionService#_doActivateExtension vscode.github-authentication {"startup":false,"extensionId":{"value":"vscode.github-authentication","_lower":"vscode.github-authentication"},"activationEvent":"onAuthenticationRequest:github"}
[2021-09-23 06:36:43.068] [exthost] [info] ExtensionService#loadCommonJSModule file:///var/lib/snapd/snap/code/75/usr/share/code/resources/app/extensions/github-authentication/dist/extension.js
[2021-09-23 06:36:50.290] [exthost] [info] extension host terminating: renderer closed the socket
[2021-09-23 06:36:51.304] [exthost] [info] exiting with code 0
[2021-09-23 06:36:51.925] [exthost] [info] extension host started
[2021-09-23 06:36:51.925] [exthost] [info] Skipping acquiring lock for /home/cthulhu/Programmation/DApps/stacktoken_app/~/.vscode-root/User/workspaceStorage/384eff153dc5abc2a200c53ecd0dc263.
[2021-09-23 06:36:51.966] [exthost] [info] ExtensionService#_doActivateExtension vscode.microsoft-authentication {"startup":false,"extensionId":{"value":"vscode.microsoft-authentication","_lower":"vscode.microsoft-authentication"},"activationEvent":"onAuthenticationRequest:microsoft"}
[2021-09-23 06:36:51.966] [exthost] [info] ExtensionService#loadCommonJSModule file:///var/lib/snapd/snap/code/75/usr/share/code/resources/app/extensions/microsoft-authentication/dist/extension.js
[2021-09-23 06:36:51.977] [exthost] [info] ExtensionService#_doActivateExtension vscode.debug-auto-launch {"startup":true,"extensionId":{"value":"vscode.debug-auto-launch","_lower":"vscode.debug-auto-launch"},"activationEvent":"*"}
[2021-09-23 06:36:51.978] [exthost] [info] ExtensionService#loadCommonJSModule file:///var/lib/snapd/snap/code/75/usr/share/code/resources/app/extensions/debug-auto-launch/dist/extension
[2021-09-23 06:36:51.980] [exthost] [info] ExtensionService#_doActivateExtension vscode.git {"startup":true,"extensionId":{"value":"vscode.github","_lower":"vscode.github"},"activationEvent":"*"}
[2021-09-23 06:36:51.980] [exthost] [info] ExtensionService#loadCommonJSModule file:///var/lib/snapd/snap/code/75/usr/share/code/resources/app/extensions/git/dist/main
[2021-09-23 06:36:52.005] [exthost] [info] ExtensionService#_doActivateExtension christian-kohler.path-intellisense {"startup":true,"extensionId":{"value":"christian-kohler.path-intellisense","_lower":"christian-kohler.path-intellisense"},"activationEvent":"*"}
[2021-09-23 06:36:52.005] [exthost] [info] ExtensionService#loadCommonJSModule file:///root/.vscode/extensions/christian-kohler.path-intellisense-2.4.0/out/extension.js
[2021-09-23 06:36:52.017] [exthost] [info] ExtensionService#_doActivateExtension CoenraadS.bracket-pair-colorizer {"startup":true,"extensionId":{"value":"CoenraadS.bracket-pair-colorizer","_lower":"coenraads.bracket-pair-colorizer"},"activationEvent":"*"}
[2021-09-23 06:36:52.017] [exthost] [info] ExtensionService#loadCommonJSModule file:///root/.vscode/extensions/coenraads.bracket-pair-colorizer-1.0.61/out/src/extension
[2021-09-23 06:36:52.030] [exthost] [info] ExtensionService#_doActivateExtension mhutchie.git-graph {"startup":true,"extensionId":{"value":"mhutchie.git-graph","_lower":"mhutchie.git-graph"},"activationEvent":"*"}
[2021-09-23 06:36:52.030] [exthost] [info] ExtensionService#loadCommonJSModule file:///root/.vscode/extensions/mhutchie.git-graph-1.30.0/out/extension.js
[2021-09-23 06:36:52.049] [exthost] [info] ExtensionService#_doActivateExtension raathigeshan.fabulous {"startup":true,"extensionId":{"value":"raathigeshan.fabulous","_lower":"raathigeshan.fabulous"},"activationEvent":"*"}
[2021-09-23 06:36:52.049] [exthost] [info] ExtensionService#loadCommonJSModule file:///root/.vscode/extensions/raathigeshan.fabulous-0.12.0/out/extension/extension.js
[2021-09-23 06:36:52.181] [exthost] [info] ExtensionService#_doActivateExtension TabNine.tabnine-vscode {"startup":true,"extensionId":{"value":"TabNine.tabnine-vscode","_lower":"tabnine.tabnine-vscode"},"activationEvent":"*"}
[2021-09-23 06:36:52.181] [exthost] [info] ExtensionService#loadCommonJSModule file:///root/.vscode/extensions/tabnine.tabnine-vscode-3.4.27/out/extension
[2021-09-23 06:36:52.197] [exthost] [info] ExtensionService#_doActivateExtension Zignd.html-css-class-completion {"startup":true,"extensionId":{"value":"Zignd.html-css-class-completion","_lower":"zignd.html-css-class-completion"},"activationEvent":"*"}
[2021-09-23 06:36:52.197] [exthost] [info] ExtensionService#loadCommonJSModule file:///root/.vscode/extensions/zignd.html-css-class-completion-1.20.0/dist/extension.js
[2021-09-23 06:36:52.255] [exthost] [info] ExtensionService#_doActivateExtension vscode.npm {"startup":true,"extensionId":{"value":"vscode.npm","_lower":"vscode.npm"},"activationEvent":"workspaceContains:package.json"}
[2021-09-23 06:36:52.255] [exthost] [info] ExtensionService#loadCommonJSModule file:///var/lib/snapd/snap/code/75/usr/share/code/resources/app/extensions/npm/dist/npmMain
[2021-09-23 06:36:52.419] [exthost] [info] ExtensionService#_doActivateExtension vscode.configuration-editing {"startup":false,"extensionId":{"value":"vscode.configuration-editing","_lower":"vscode.configuration-editing"},"activationEvent":"onLanguage:jsonc"}
[2021-09-23 06:36:52.420] [exthost] [info] ExtensionService#loadCommonJSModule file:///var/lib/snapd/snap/code/75/usr/share/code/resources/app/extensions/configuration-editing/dist/configurationEditingMain
[2021-09-23 06:36:52.422] [exthost] [info] ExtensionService#_doActivateExtension vscode.json-language-features {"startup":false,"extensionId":{"value":"vscode.json-language-features","_lower":"vscode.json-language-features"},"activationEvent":"onLanguage:jsonc"}
[2021-09-23 06:36:52.422] [exthost] [info] ExtensionService#loadCommonJSModule file:///var/lib/snapd/snap/code/75/usr/share/code/resources/app/extensions/json-language-features/client/dist/node/jsonClientMain
[2021-09-23 06:36:52.440] [exthost] [info] ExtensionService#_doActivateExtension vscode.typescript-language-features {"startup":false,"extensionId":{"value":"vscode.typescript-language-features","_lower":"vscode.typescript-language-features"},"activationEvent":"onLanguage:jsonc"}
[2021-09-23 06:36:52.440] [exthost] [info] ExtensionService#loadCommonJSModule file:///var/lib/snapd/snap/code/75/usr/share/code/resources/app/extensions/typescript-language-features/dist/extension
[2021-09-23 06:36:52.583] [exthost] [info] ExtensionService#_doActivateExtension ms-vscode.js-debug {"startup":false,"extensionId":{"value":"ms-vscode.js-debug","_lower":"ms-vscode.js-debug"},"activationEvent":"onCommand:extension.js-debug.clearAutoAttachVariables"}
[2021-09-23 06:36:52.583] [exthost] [info] ExtensionService#loadCommonJSModule file:///var/lib/snapd/snap/code/75/usr/share/code/resources/app/extensions/ms-vscode.js-debug/src/extension.js
[2021-09-23 06:36:52.683] [exthost] [info] ExtensionService#_doActivateExtension vscode.github {"startup":false,"extensionId":{"value":"vscode.github","_lower":"vscode.github"},"activationEvent":"*"}
[2021-09-23 06:36:52.683] [exthost] [info] ExtensionService#loadCommonJSModule file:///var/lib/snapd/snap/code/75/usr/share/code/resources/app/extensions/github/dist/extension.js
[2021-09-23 06:36:52.728] [exthost] [info] eager extensions activated
[2021-09-23 06:36:52.829] [exthost] [warning] [Decorations] CAPPING events from decorations provider vscode.git 1707
[2021-09-23 06:36:53.223] [exthost] [info] ExtensionService#_doActivateExtension vscode.emmet {"startup":false,"extensionId":{"value":"vscode.emmet","_lower":"vscode.emmet"},"activationEvent":"onStartupFinished"}
[2021-09-23 06:36:53.223] [exthost] [info] ExtensionService#loadCommonJSModule file:///var/lib/snapd/snap/code/75/usr/share/code/resources/app/extensions/emmet/dist/node/emmetNodeMain
[2021-09-23 06:36:53.230] [exthost] [info] ExtensionService#_doActivateExtension vscode.merge-conflict {"startup":false,"extensionId":{"value":"vscode.merge-conflict","_lower":"vscode.merge-conflict"},"activationEvent":"onStartupFinished"}
[2021-09-23 06:36:53.231] [exthost] [info] ExtensionService#loadCommonJSModule file:///var/lib/snapd/snap/code/75/usr/share/code/resources/app/extensions/merge-conflict/dist/mergeConflictMain
[2021-09-23 06:36:53.233] [exthost] [info] ExtensionService#_doActivateExtension eamodio.gitlens {"startup":false,"extensionId":{"value":"eamodio.gitlens","_lower":"eamodio.gitlens"},"activationEvent":"onStartupFinished"}
[2021-09-23 06:36:53.233] [exthost] [info] ExtensionService#loadCommonJSModule file:///root/.vscode/extensions/eamodio.gitlens-11.6.0/dist/gitlens
[2021-09-23 06:36:53.262] [exthost] [info] ExtensionService#_doActivateExtension esbenp.prettier-vscode {"startup":false,"extensionId":{"value":"esbenp.prettier-vscode","_lower":"esbenp.prettier-vscode"},"activationEvent":"onStartupFinished"}
[2021-09-23 06:36:53.262] [exthost] [info] ExtensionService#loadCommonJSModule file:///root/.vscode/extensions/esbenp.prettier-vscode-9.0.0/dist/extension
[2021-09-23 06:36:53.513] [exthost] [info] ExtensionService#_doActivateExtension vscode.github-authentication {"startup":false,"extensionId":{"value":"vscode.github-authentication","_lower":"vscode.github-authentication"},"activationEvent":"onAuthenticationRequest:github"}
[2021-09-23 06:36:53.513] [exthost] [info] ExtensionService#loadCommonJSModule file:///var/lib/snapd/snap/code/75/usr/share/code/resources/app/extensions/github-authentication/dist/extension.js
[2021-09-23 06:36:59.791] [exthost] [info] ExtensionService#_doActivateExtension VisualStudioExptTeam.vscodeintellicode {"startup":false,"extensionId":{"value":"VisualStudioExptTeam.vscodeintellicode","_lower":"visualstudioexptteam.vscodeintellicode"},"activationEvent":"onLanguage:javascript"}
[2021-09-23 06:36:59.795] [exthost] [info] ExtensionService#loadCommonJSModule file:///root/.vscode/extensions/visualstudioexptteam.vscodeintellicode-1.2.14/dist/intellicode
[2021-09-23 06:37:28.771] [exthost] [warning] TextEditor is closed/disposed
[2021-09-23 06:37:29.842] [exthost] [warning] [Decorations] CAPPING events from decorations provider vscode.git 1713
[2021-09-23 06:38:17.496] [exthost] [warning] [Decorations] CAPPING events from decorations provider vscode.git 1713
[2021-09-23 06:38:24.550] [exthost] [info] ExtensionService#_doActivateExtension JuanBlanco.solidity {"startup":false,"extensionId":{"value":"JuanBlanco.solidity","_lower":"juanblanco.solidity"},"activationEvent":"onLanguage:solidity"}
[2021-09-23 06:38:24.550] [exthost] [info] ExtensionService#loadCommonJSModule file:///root/.vscode/extensions/juanblanco.solidity-0.0.125/out/src/extension
[2021-09-23 06:38:25.650] [exthost] [warning] [Decorations] CAPPING events from decorations provider vscode.git 1715
[2021-09-23 06:39:10.292] [exthost] [warning] [Decorations] CAPPING events from decorations provider vscode.git 1716
[2021-09-23 06:39:49.330] [exthost] [warning] [Decorations] CAPPING events from decorations provider vscode.git 1716
[2021-09-23 06:40:09.539] [exthost] [warning] [Decorations] CAPPING events from decorations provider vscode.git 1716
[2021-09-23 06:43:26.708] [exthost] [warning] [Decorations] CAPPING events from decorations provider vscode.git 1717
[2021-09-23 06:43:31.830] [exthost] [warning] [Decorations] CAPPING events from decorations provider vscode.git 1717
[2021-09-23 06:45:35.578] [exthost] [warning] [Decorations] CAPPING events from decorations provider vscode.git 1717
[2021-09-23 06:45:40.725] [exthost] [warning] [Decorations] CAPPING events from decorations provider vscode.git 1717
[2021-09-23 06:45:45.879] [exthost] [warning] [Decorations] CAPPING events from decorations provider vscode.git 1717
[2021-09-23 06:47:17.242] [exthost] [warning] [Decorations] CAPPING events from decorations provider vscode.git 1717
