[2021-09-22 20:28:47.029] [exthost] [info] extension host started
[2021-09-22 20:28:47.101] [exthost] [info] ExtensionService#_doActivateExtension vscode.microsoft-authentication {"startup":false,"extensionId":{"value":"vscode.microsoft-authentication","_lower":"vscode.microsoft-authentication"},"activationEvent":"onAuthenticationRequest:microsoft"}
[2021-09-22 20:28:47.101] [exthost] [info] ExtensionService#loadCommonJSModule file:///var/lib/snapd/snap/code/74/usr/share/code/resources/app/extensions/microsoft-authentication/dist/extension.js
[2021-09-22 20:28:47.138] [exthost] [info] ExtensionService#_doActivateExtension vscode.debug-auto-launch {"startup":true,"extensionId":{"value":"vscode.debug-auto-launch","_lower":"vscode.debug-auto-launch"},"activationEvent":"*"}
[2021-09-22 20:28:47.138] [exthost] [info] ExtensionService#loadCommonJSModule file:///var/lib/snapd/snap/code/74/usr/share/code/resources/app/extensions/debug-auto-launch/dist/extension
[2021-09-22 20:28:47.141] [exthost] [info] ExtensionService#_doActivateExtension vscode.git {"startup":true,"extensionId":{"value":"vscode.github","_lower":"vscode.github"},"activationEvent":"*"}
[2021-09-22 20:28:47.141] [exthost] [info] ExtensionService#loadCommonJSModule file:///var/lib/snapd/snap/code/74/usr/share/code/resources/app/extensions/git/dist/main
[2021-09-22 20:28:47.194] [exthost] [info] ExtensionService#_doActivateExtension christian-kohler.path-intellisense {"startup":true,"extensionId":{"value":"christian-kohler.path-intellisense","_lower":"christian-kohler.path-intellisense"},"activationEvent":"*"}
[2021-09-22 20:28:47.194] [exthost] [info] ExtensionService#loadCommonJSModule file:///root/.vscode/extensions/christian-kohler.path-intellisense-2.4.0/out/extension.js
[2021-09-22 20:28:47.203] [exthost] [info] ExtensionService#_doActivateExtension CoenraadS.bracket-pair-colorizer {"startup":true,"extensionId":{"value":"CoenraadS.bracket-pair-colorizer","_lower":"coenraads.bracket-pair-colorizer"},"activationEvent":"*"}
[2021-09-22 20:28:47.203] [exthost] [info] ExtensionService#loadCommonJSModule file:///root/.vscode/extensions/coenraads.bracket-pair-colorizer-1.0.61/out/src/extension
[2021-09-22 20:28:47.212] [exthost] [info] ExtensionService#_doActivateExtension mhutchie.git-graph {"startup":true,"extensionId":{"value":"mhutchie.git-graph","_lower":"mhutchie.git-graph"},"activationEvent":"*"}
[2021-09-22 20:28:47.212] [exthost] [info] ExtensionService#loadCommonJSModule file:///root/.vscode/extensions/mhutchie.git-graph-1.30.0/out/extension.js
[2021-09-22 20:28:47.226] [exthost] [info] ExtensionService#_doActivateExtension raathigeshan.fabulous {"startup":true,"extensionId":{"value":"raathigeshan.fabulous","_lower":"raathigeshan.fabulous"},"activationEvent":"*"}
[2021-09-22 20:28:47.226] [exthost] [info] ExtensionService#loadCommonJSModule file:///root/.vscode/extensions/raathigeshan.fabulous-0.12.0/out/extension/extension.js
[2021-09-22 20:28:47.364] [exthost] [info] ExtensionService#_doActivateExtension TabNine.tabnine-vscode {"startup":true,"extensionId":{"value":"TabNine.tabnine-vscode","_lower":"tabnine.tabnine-vscode"},"activationEvent":"*"}
[2021-09-22 20:28:47.364] [exthost] [info] ExtensionService#loadCommonJSModule file:///root/.vscode/extensions/tabnine.tabnine-vscode-3.4.27/out/extension
[2021-09-22 20:28:47.405] [exthost] [info] ExtensionService#_doActivateExtension Zignd.html-css-class-completion {"startup":true,"extensionId":{"value":"Zignd.html-css-class-completion","_lower":"zignd.html-css-class-completion"},"activationEvent":"*"}
[2021-09-22 20:28:47.405] [exthost] [info] ExtensionService#loadCommonJSModule file:///root/.vscode/extensions/zignd.html-css-class-completion-1.20.0/dist/extension.js
[2021-09-22 20:28:47.633] [exthost] [info] ExtensionService#_doActivateExtension vscode.configuration-editing {"startup":false,"extensionId":{"value":"vscode.configuration-editing","_lower":"vscode.configuration-editing"},"activationEvent":"onLanguage:jsonc"}
[2021-09-22 20:28:47.633] [exthost] [info] ExtensionService#loadCommonJSModule file:///var/lib/snapd/snap/code/74/usr/share/code/resources/app/extensions/configuration-editing/dist/configurationEditingMain
[2021-09-22 20:28:47.638] [exthost] [info] ExtensionService#_doActivateExtension vscode.json-language-features {"startup":false,"extensionId":{"value":"vscode.json-language-features","_lower":"vscode.json-language-features"},"activationEvent":"onLanguage:jsonc"}
[2021-09-22 20:28:47.638] [exthost] [info] ExtensionService#loadCommonJSModule file:///var/lib/snapd/snap/code/74/usr/share/code/resources/app/extensions/json-language-features/client/dist/node/jsonClientMain
[2021-09-22 20:28:47.682] [exthost] [info] ExtensionService#_doActivateExtension vscode.typescript-language-features {"startup":false,"extensionId":{"value":"vscode.typescript-language-features","_lower":"vscode.typescript-language-features"},"activationEvent":"onLanguage:jsonc"}
[2021-09-22 20:28:47.682] [exthost] [info] ExtensionService#loadCommonJSModule file:///var/lib/snapd/snap/code/74/usr/share/code/resources/app/extensions/typescript-language-features/dist/extension
[2021-09-22 20:28:47.760] [exthost] [info] ExtensionService#_doActivateExtension vscode.github {"startup":true,"extensionId":{"value":"vscode.github","_lower":"vscode.github"},"activationEvent":"*"}
[2021-09-22 20:28:47.760] [exthost] [info] ExtensionService#loadCommonJSModule file:///var/lib/snapd/snap/code/74/usr/share/code/resources/app/extensions/github/dist/extension.js
[2021-09-22 20:28:47.766] [exthost] [info] ExtensionService#_doActivateExtension ms-vscode.js-debug {"startup":false,"extensionId":{"value":"ms-vscode.js-debug","_lower":"ms-vscode.js-debug"},"activationEvent":"onCommand:extension.js-debug.clearAutoAttachVariables"}
[2021-09-22 20:28:47.766] [exthost] [info] ExtensionService#loadCommonJSModule file:///var/lib/snapd/snap/code/74/usr/share/code/resources/app/extensions/ms-vscode.js-debug/src/extension.js
[2021-09-22 20:28:47.935] [exthost] [info] eager extensions activated
[2021-09-22 20:28:47.942] [exthost] [info] ExtensionService#_doActivateExtension vscode.github-authentication {"startup":false,"extensionId":{"value":"vscode.github-authentication","_lower":"vscode.github-authentication"},"activationEvent":"onAuthenticationRequest:github"}
[2021-09-22 20:28:47.942] [exthost] [info] ExtensionService#loadCommonJSModule file:///var/lib/snapd/snap/code/74/usr/share/code/resources/app/extensions/github-authentication/dist/extension.js
[2021-09-22 20:28:47.978] [exthost] [info] ExtensionService#_doActivateExtension vscode.emmet {"startup":false,"extensionId":{"value":"vscode.emmet","_lower":"vscode.emmet"},"activationEvent":"onStartupFinished"}
[2021-09-22 20:28:47.978] [exthost] [info] ExtensionService#loadCommonJSModule file:///var/lib/snapd/snap/code/74/usr/share/code/resources/app/extensions/emmet/dist/node/emmetNodeMain
[2021-09-22 20:28:47.992] [exthost] [info] ExtensionService#_doActivateExtension vscode.merge-conflict {"startup":false,"extensionId":{"value":"vscode.merge-conflict","_lower":"vscode.merge-conflict"},"activationEvent":"onStartupFinished"}
[2021-09-22 20:28:47.992] [exthost] [info] ExtensionService#loadCommonJSModule file:///var/lib/snapd/snap/code/74/usr/share/code/resources/app/extensions/merge-conflict/dist/mergeConflictMain
[2021-09-22 20:28:47.995] [exthost] [info] ExtensionService#_doActivateExtension eamodio.gitlens {"startup":false,"extensionId":{"value":"eamodio.gitlens","_lower":"eamodio.gitlens"},"activationEvent":"onStartupFinished"}
[2021-09-22 20:28:47.995] [exthost] [info] ExtensionService#loadCommonJSModule file:///root/.vscode/extensions/eamodio.gitlens-11.6.0/dist/gitlens
[2021-09-22 20:28:48.077] [exthost] [info] ExtensionService#_doActivateExtension esbenp.prettier-vscode {"startup":false,"extensionId":{"value":"esbenp.prettier-vscode","_lower":"esbenp.prettier-vscode"},"activationEvent":"onStartupFinished"}
[2021-09-22 20:28:48.077] [exthost] [info] ExtensionService#loadCommonJSModule file:///root/.vscode/extensions/esbenp.prettier-vscode-9.0.0/dist/extension
[2021-09-22 20:28:54.653] [exthost] [info] extension host terminating: renderer closed the socket
[2021-09-22 20:28:55.668] [exthost] [info] exiting with code 0
[2021-09-22 20:28:55.974] [exthost] [info] extension host started
[2021-09-22 20:28:55.974] [exthost] [info] Skipping acquiring lock for /home/cthulhu/Programmation/DApps/stacktoken_app/~/.vscode-root/User/workspaceStorage/2587efd919338409e3be906d167d7574.
[2021-09-22 20:28:56.034] [exthost] [info] ExtensionService#_doActivateExtension vscode.microsoft-authentication {"startup":false,"extensionId":{"value":"vscode.microsoft-authentication","_lower":"vscode.microsoft-authentication"},"activationEvent":"onAuthenticationRequest:microsoft"}
[2021-09-22 20:28:56.034] [exthost] [info] ExtensionService#loadCommonJSModule file:///var/lib/snapd/snap/code/74/usr/share/code/resources/app/extensions/microsoft-authentication/dist/extension.js
[2021-09-22 20:28:56.042] [exthost] [info] ExtensionService#_doActivateExtension vscode.debug-auto-launch {"startup":true,"extensionId":{"value":"vscode.debug-auto-launch","_lower":"vscode.debug-auto-launch"},"activationEvent":"*"}
[2021-09-22 20:28:56.042] [exthost] [info] ExtensionService#loadCommonJSModule file:///var/lib/snapd/snap/code/74/usr/share/code/resources/app/extensions/debug-auto-launch/dist/extension
[2021-09-22 20:28:56.046] [exthost] [info] ExtensionService#_doActivateExtension vscode.git {"startup":true,"extensionId":{"value":"vscode.github","_lower":"vscode.github"},"activationEvent":"*"}
[2021-09-22 20:28:56.046] [exthost] [info] ExtensionService#loadCommonJSModule file:///var/lib/snapd/snap/code/74/usr/share/code/resources/app/extensions/git/dist/main
[2021-09-22 20:28:56.135] [exthost] [info] ExtensionService#_doActivateExtension christian-kohler.path-intellisense {"startup":true,"extensionId":{"value":"christian-kohler.path-intellisense","_lower":"christian-kohler.path-intellisense"},"activationEvent":"*"}
[2021-09-22 20:28:56.136] [exthost] [info] ExtensionService#loadCommonJSModule file:///root/.vscode/extensions/christian-kohler.path-intellisense-2.4.0/out/extension.js
[2021-09-22 20:28:56.145] [exthost] [info] ExtensionService#_doActivateExtension TabNine.tabnine-vscode {"startup":true,"extensionId":{"value":"TabNine.tabnine-vscode","_lower":"tabnine.tabnine-vscode"},"activationEvent":"*"}
[2021-09-22 20:28:56.145] [exthost] [info] ExtensionService#loadCommonJSModule file:///root/.vscode/extensions/tabnine.tabnine-vscode-3.4.27/out/extension
[2021-09-22 20:28:56.195] [exthost] [info] ExtensionService#_doActivateExtension vscode.npm {"startup":true,"extensionId":{"value":"vscode.npm","_lower":"vscode.npm"},"activationEvent":"workspaceContains:package.json"}
[2021-09-22 20:28:56.195] [exthost] [info] ExtensionService#loadCommonJSModule file:///var/lib/snapd/snap/code/74/usr/share/code/resources/app/extensions/npm/dist/npmMain
[2021-09-22 20:28:56.319] [exthost] [info] ExtensionService#_doActivateExtension vscode.configuration-editing {"startup":false,"extensionId":{"value":"vscode.configuration-editing","_lower":"vscode.configuration-editing"},"activationEvent":"onLanguage:jsonc"}
[2021-09-22 20:28:56.319] [exthost] [info] ExtensionService#loadCommonJSModule file:///var/lib/snapd/snap/code/74/usr/share/code/resources/app/extensions/configuration-editing/dist/configurationEditingMain
[2021-09-22 20:28:56.325] [exthost] [info] ExtensionService#_doActivateExtension vscode.json-language-features {"startup":false,"extensionId":{"value":"vscode.json-language-features","_lower":"vscode.json-language-features"},"activationEvent":"onLanguage:jsonc"}
[2021-09-22 20:28:56.325] [exthost] [info] ExtensionService#loadCommonJSModule file:///var/lib/snapd/snap/code/74/usr/share/code/resources/app/extensions/json-language-features/client/dist/node/jsonClientMain
[2021-09-22 20:28:56.378] [exthost] [info] ExtensionService#_doActivateExtension vscode.typescript-language-features {"startup":false,"extensionId":{"value":"vscode.typescript-language-features","_lower":"vscode.typescript-language-features"},"activationEvent":"onLanguage:jsonc"}
[2021-09-22 20:28:56.378] [exthost] [info] ExtensionService#loadCommonJSModule file:///var/lib/snapd/snap/code/74/usr/share/code/resources/app/extensions/typescript-language-features/dist/extension
[2021-09-22 20:28:56.448] [exthost] [info] ExtensionService#_doActivateExtension vscode.github {"startup":true,"extensionId":{"value":"vscode.github","_lower":"vscode.github"},"activationEvent":"*"}
[2021-09-22 20:28:56.448] [exthost] [info] ExtensionService#loadCommonJSModule file:///var/lib/snapd/snap/code/74/usr/share/code/resources/app/extensions/github/dist/extension.js
[2021-09-22 20:28:56.487] [exthost] [info] ExtensionService#_doActivateExtension ms-vscode.js-debug {"startup":false,"extensionId":{"value":"ms-vscode.js-debug","_lower":"ms-vscode.js-debug"},"activationEvent":"onCommand:extension.js-debug.clearAutoAttachVariables"}
[2021-09-22 20:28:56.487] [exthost] [info] ExtensionService#loadCommonJSModule file:///var/lib/snapd/snap/code/74/usr/share/code/resources/app/extensions/ms-vscode.js-debug/src/extension.js
[2021-09-22 20:28:56.688] [exthost] [info] eager extensions activated
[2021-09-22 20:28:56.739] [exthost] [info] ExtensionService#_doActivateExtension vscode.emmet {"startup":false,"extensionId":{"value":"vscode.emmet","_lower":"vscode.emmet"},"activationEvent":"onStartupFinished"}
[2021-09-22 20:28:56.739] [exthost] [info] ExtensionService#loadCommonJSModule file:///var/lib/snapd/snap/code/74/usr/share/code/resources/app/extensions/emmet/dist/node/emmetNodeMain
[2021-09-22 20:28:56.752] [exthost] [info] ExtensionService#_doActivateExtension vscode.merge-conflict {"startup":false,"extensionId":{"value":"vscode.merge-conflict","_lower":"vscode.merge-conflict"},"activationEvent":"onStartupFinished"}
[2021-09-22 20:28:56.752] [exthost] [info] ExtensionService#loadCommonJSModule file:///var/lib/snapd/snap/code/74/usr/share/code/resources/app/extensions/merge-conflict/dist/mergeConflictMain
[2021-09-22 20:28:56.754] [exthost] [info] ExtensionService#_doActivateExtension eamodio.gitlens {"startup":false,"extensionId":{"value":"eamodio.gitlens","_lower":"eamodio.gitlens"},"activationEvent":"onStartupFinished"}
[2021-09-22 20:28:56.755] [exthost] [info] ExtensionService#loadCommonJSModule file:///root/.vscode/extensions/eamodio.gitlens-11.6.0/dist/gitlens
[2021-09-22 20:28:56.841] [exthost] [info] ExtensionService#_doActivateExtension esbenp.prettier-vscode {"startup":false,"extensionId":{"value":"esbenp.prettier-vscode","_lower":"esbenp.prettier-vscode"},"activationEvent":"onStartupFinished"}
[2021-09-22 20:28:56.841] [exthost] [info] ExtensionService#loadCommonJSModule file:///root/.vscode/extensions/esbenp.prettier-vscode-9.0.0/dist/extension
[2021-09-22 20:28:57.181] [exthost] [info] ExtensionService#_doActivateExtension vscode.github-authentication {"startup":false,"extensionId":{"value":"vscode.github-authentication","_lower":"vscode.github-authentication"},"activationEvent":"onAuthenticationRequest:github"}
[2021-09-22 20:28:57.181] [exthost] [info] ExtensionService#loadCommonJSModule file:///var/lib/snapd/snap/code/74/usr/share/code/resources/app/extensions/github-authentication/dist/extension.js
[2021-09-22 20:28:57.700] [exthost] [info] ExtensionService#_doActivateExtension CoenraadS.bracket-pair-colorizer {"startup":false,"extensionId":{"value":"CoenraadS.bracket-pair-colorizer","_lower":"coenraads.bracket-pair-colorizer"},"activationEvent":"*"}
[2021-09-22 20:28:57.700] [exthost] [info] ExtensionService#loadCommonJSModule file:///root/.vscode/extensions/coenraads.bracket-pair-colorizer-1.0.61/out/src/extension
[2021-09-22 20:28:57.710] [exthost] [info] ExtensionService#_doActivateExtension mhutchie.git-graph {"startup":false,"extensionId":{"value":"mhutchie.git-graph","_lower":"mhutchie.git-graph"},"activationEvent":"*"}
[2021-09-22 20:28:57.710] [exthost] [info] ExtensionService#loadCommonJSModule file:///root/.vscode/extensions/mhutchie.git-graph-1.30.0/out/extension.js
[2021-09-22 20:28:57.723] [exthost] [info] ExtensionService#_doActivateExtension raathigeshan.fabulous {"startup":false,"extensionId":{"value":"raathigeshan.fabulous","_lower":"raathigeshan.fabulous"},"activationEvent":"*"}
[2021-09-22 20:28:57.723] [exthost] [info] ExtensionService#loadCommonJSModule file:///root/.vscode/extensions/raathigeshan.fabulous-0.12.0/out/extension/extension.js
[2021-09-22 20:28:57.850] [exthost] [info] ExtensionService#_doActivateExtension Zignd.html-css-class-completion {"startup":false,"extensionId":{"value":"Zignd.html-css-class-completion","_lower":"zignd.html-css-class-completion"},"activationEvent":"*"}
[2021-09-22 20:28:57.851] [exthost] [info] ExtensionService#loadCommonJSModule file:///root/.vscode/extensions/zignd.html-css-class-completion-1.20.0/dist/extension.js
[2021-09-22 20:29:04.492] [exthost] [info] ExtensionService#_doActivateExtension JuanBlanco.solidity {"startup":false,"extensionId":{"value":"JuanBlanco.solidity","_lower":"juanblanco.solidity"},"activationEvent":"onLanguage:solidity"}
[2021-09-22 20:29:04.492] [exthost] [info] ExtensionService#loadCommonJSModule file:///root/.vscode/extensions/juanblanco.solidity-0.0.125/out/src/extension
[2021-09-22 20:30:19.449] [exthost] [info] ExtensionService#_doActivateExtension VisualStudioExptTeam.vscodeintellicode {"startup":false,"extensionId":{"value":"VisualStudioExptTeam.vscodeintellicode","_lower":"visualstudioexptteam.vscodeintellicode"},"activationEvent":"onLanguage:javascript"}
[2021-09-22 20:30:19.449] [exthost] [info] ExtensionService#loadCommonJSModule file:///root/.vscode/extensions/visualstudioexptteam.vscodeintellicode-1.2.14/dist/intellicode
[2021-09-22 20:30:20.689] [exthost] [warning] TextEditor is closed/disposed
[2021-09-22 20:30:22.136] [exthost] [warning] TextEditor is closed/disposed
[2021-09-22 20:35:27.563] [exthost] [warning] TextEditor is closed/disposed
[2021-09-22 20:35:27.698] [exthost] [info] ExtensionService#_doActivateExtension vscode.extension-editing {"startup":false,"extensionId":{"value":"vscode.extension-editing","_lower":"vscode.extension-editing"},"activationEvent":"onLanguage:json"}
[2021-09-22 20:35:27.698] [exthost] [info] ExtensionService#loadCommonJSModule file:///var/lib/snapd/snap/code/74/usr/share/code/resources/app/extensions/extension-editing/dist/extensionEditingMain
[2021-09-22 20:35:29.532] [exthost] [warning] TextEditor is closed/disposed
[2021-09-22 20:38:03.072] [exthost] [warning] TextEditor is closed/disposed
[2021-09-22 20:44:10.624] [exthost] [warning] TextEditor is closed/disposed
