[2021-09-23 13:15:21.458] [renderer3] [error] Error: Impossible de lire le fichier '/home/cthulhu/Programmation/DApps/stacktoken_app/contracts/TokenFarm.sol' (Error: Impossible de résoudre le fichier non existant '/home/cthulhu/Programmation/DApps/stacktoken_app/contracts/TokenFarm.sol')
    at i.handleSetInputError (vscode-file://vscode-app/var/lib/snapd/snap/code/75/usr/share/code/resources/app/out/vs/workbench/workbench.desktop.main.js:2385:172185)
    at i.handleSetInputError (vscode-file://vscode-app/var/lib/snapd/snap/code/75/usr/share/code/resources/app/out/vs/workbench/workbench.desktop.main.js:2385:176202)
    at i.setInput (vscode-file://vscode-app/var/lib/snapd/snap/code/75/usr/share/code/resources/app/out/vs/workbench/workbench.desktop.main.js:2385:171879)
    at async h.doSetInput (vscode-file://vscode-app/var/lib/snapd/snap/code/75/usr/share/code/resources/app/out/vs/workbench/workbench.desktop.main.js:2385:33390)
    at async h.doOpenEditor (vscode-file://vscode-app/var/lib/snapd/snap/code/75/usr/share/code/resources/app/out/vs/workbench/workbench.desktop.main.js:2385:31790)
    at async h.openEditor (vscode-file://vscode-app/var/lib/snapd/snap/code/75/usr/share/code/resources/app/out/vs/workbench/workbench.desktop.main.js:2385:31438)
    at async vscode-file://vscode-app/var/lib/snapd/snap/code/75/usr/share/code/resources/app/out/vs/workbench/workbench.desktop.main.js:2584:16931
[2021-09-23 13:19:24.345] [renderer3] [error] Cannot read property 'label' of null: TypeError: Cannot read property 'label' of null
    at Function._inflateSuggestDto (vscode-file://vscode-app/var/lib/snapd/snap/code/75/usr/share/code/resources/app/out/vs/workbench/workbench.desktop.main.js:1495:9541)
    at vscode-file://vscode-app/var/lib/snapd/snap/code/75/usr/share/code/resources/app/out/vs/workbench/workbench.desktop.main.js:1495:9872
    at Array.map (<anonymous>)
    at Object.provideCompletionItems (vscode-file://vscode-app/var/lib/snapd/snap/code/75/usr/share/code/resources/app/out/vs/workbench/workbench.desktop.main.js:1495:9863)
    at processTicksAndRejections (internal/process/task_queues.js:93:5)
    at async vscode-file://vscode-app/var/lib/snapd/snap/code/75/usr/share/code/resources/app/out/vs/workbench/workbench.desktop.main.js:677:14913
    at async Promise.all (index 0)
    at async u (vscode-file://vscode-app/var/lib/snapd/snap/code/75/usr/share/code/resources/app/out/vs/workbench/workbench.desktop.main.js:677:14789)
    at async Promise.all (index 0)
[2021-09-23 15:52:49.150] [renderer3] [error] Cannot read property 'label' of null: TypeError: Cannot read property 'label' of null
    at Function._inflateSuggestDto (vscode-file://vscode-app/var/lib/snapd/snap/code/75/usr/share/code/resources/app/out/vs/workbench/workbench.desktop.main.js:1495:9541)
    at vscode-file://vscode-app/var/lib/snapd/snap/code/75/usr/share/code/resources/app/out/vs/workbench/workbench.desktop.main.js:1495:9872
    at Array.map (<anonymous>)
    at Object.provideCompletionItems (vscode-file://vscode-app/var/lib/snapd/snap/code/75/usr/share/code/resources/app/out/vs/workbench/workbench.desktop.main.js:1495:9863)
    at runMicrotasks (<anonymous>)
    at processTicksAndRejections (internal/process/task_queues.js:93:5)
    at async vscode-file://vscode-app/var/lib/snapd/snap/code/75/usr/share/code/resources/app/out/vs/workbench/workbench.desktop.main.js:677:14913
    at async Promise.all (index 0)
    at async u (vscode-file://vscode-app/var/lib/snapd/snap/code/75/usr/share/code/resources/app/out/vs/workbench/workbench.desktop.main.js:677:14789)
    at async Promise.all (index 0)
